<?xml version="1.0" encoding="UTF-8"?>
<testng-results ignored="0" total="1" passed="1" failed="0" skipped="0">
  <reporter-output>
  </reporter-output>
  <suite started-at="2024-11-16T10:15:12 IST" name="Default suite" finished-at="2024-11-16T10:15:12 IST" duration-ms="104">
    <groups>
    </groups>
    <test started-at="2024-11-16T10:15:12 IST" name="Default test" finished-at="2024-11-16T10:15:12 IST" duration-ms="104">
      <class name="Sample.Demo2">
        <test-method signature="ram()[pri:0, instance:Sample.Demo2@3f6b0be5]" started-at="2024-11-16T10:15:12 IST" name="ram" finished-at="2024-11-16T10:15:12 IST" duration-ms="21" status="PASS">
          <reporter-output>
          </reporter-output>
        </test-method> <!-- ram -->
      </class> <!-- Sample.Demo2 -->
    </test> <!-- Default test -->
  </suite> <!-- Default suite -->
</testng-results>
